15:47:59 **** Incremental Build of configuration Nios II for project usb_kb ****
make all 
Info: Building ../usb_kb_bsp/
D:/Altera/nios2eds/bin/gnu/H-x86_64-mingw32/bin/make --no-print-directory -C ../usb_kb_bsp/
[BSP build complete]
Info: Linking usb_kb.elf
nios2-elf-g++  -T'../usb_kb_bsp//linker.x' -msys-crt0='../usb_kb_bsp//obj/HAL/src/crt0.o' -msys-lib=hal_bsp -L../usb_kb_bsp/   -Wl,-Map=usb_kb.map   -O0 -g -Wall   -mno-hw-div -mno-hw-mul -mno-hw-mulx  -o usb_kb.elf obj/default/chess.o obj/default/io_handler.o obj/default/main.o obj/default/usb.o -lm 
obj/default/main.o:(.sdata+0x0): multiple definition of `TOTAL_SQUARES'
obj/default/chess.o:(.sdata+0x0): first defined here
d:/altera/nios2eds/bin/gnu/h-x86_64-mingw32/bin/../lib/gcc/nios2-elf/4.9.1/../../../../../H-x86_64-mingw32/nios2-elf/bin/ld.exe: Disabling relaxation: it will not work with multiple definitions
obj/default/main.o:(.sdata+0x1): multiple definition of `BOARD_WIDTH'
obj/default/chess.o:(.sdata+0x1): first defined here
obj/default/main.o:(.sdata+0x2): multiple definition of `W_PAWN'
obj/default/chess.o:(.sdata+0x2): first defined here
obj/default/main.o:(.sdata+0x3): multiple definition of `B_PAWN'
obj/default/chess.o:(.sdata+0x3): first defined here
obj/default/main.o:(.sdata+0x4): multiple definition of `W_ROOK'
obj/default/chess.o:(.sdata+0x4): first defined here
obj/default/main.o:(.sdata+0x5): multiple definition of `B_ROOK'
obj/default/chess.o:(.sdata+0x5): first defined here
obj/default/main.o:(.sdata+0x6): multiple definition of `W_KNIGHT'
obj/default/chess.o:(.sdata+0x6): first defined here
obj/default/main.o:(.sdata+0x7): multiple definition of `B_KNIGHT'
obj/default/chess.o:(.sdata+0x7): first defined here
obj/default/main.o:(.sdata+0x8): multiple definition of `W_BISHOP'
obj/default/chess.o:(.sdata+0x8): first defined here
obj/default/main.o:(.sdata+0x9): multiple definition of `B_BISHOP'
obj/default/chess.o:(.sdata+0x9): first defined here
obj/default/main.o:(.sdata+0xa): multiple definition of `W_KING'
obj/default/chess.o:(.sdata+0xa): first defined here
obj/default/main.o:(.sdata+0xb): multiple definition of `B_KING'
obj/default/chess.o:(.sdata+0xb): first defined here
obj/default/main.o:(.sdata+0xc): multiple definition of `W_QUEEN'
obj/default/chess.o:(.sdata+0xc): first defined here
obj/default/main.o:(.sdata+0xd): multiple definition of `B_QUEEN'
obj/default/chess.o:(.sdata+0xd): first defined here
obj/default/main.o:(.sdata+0xe): multiple definition of `EMPTY'
obj/default/chess.o:(.sdata+0xe): first defined here
collect2.exe: error: ld returned 1 exit status
make: *** [usb_kb.elf] Error 1

15:48:00 Build Finished (took 999ms)

